<?xml version="1.0" encoding="UTF-8"?>
<!-- Generated by org.testng.reporters.JUnitReportReporter -->
<testsuite hostname="LAPTOP-532O9RAV" failures="0" tests="2" name="Testng_package.CrossBrowser" time="14.536" errors="0" timestamp="2025-08-14T14:57:06 IST" skipped="0">
  <testcase classname="Testng_package.CrossBrowser" name="chromebrowser" time="7.232"/>
  <testcase classname="Testng_package.CrossBrowser" name="edgebrowser" time="7.304"/>
</testsuite> <!-- Testng_package.CrossBrowser -->
