<?xml version="1.0" encoding="UTF-8"?>
<!-- Generated by org.testng.reporters.JUnitReportReporter -->
<testsuite hostname="LAPTOP-532O9RAV" failures="0" tests="1" name="Testng_package.TestClass2" time="8.233" errors="0" timestamp="2025-08-14T13:01:04 IST" skipped="0">
  <testcase classname="Testng_package.TestClass2" name="flipkart" time="8.233"/>
</testsuite> <!-- Testng_package.TestClass2 -->
