<?xml version="1.0" encoding="UTF-8"?>
<!-- Generated by org.testng.reporters.JUnitReportReporter -->
<testsuite hostname="LAPTOP-532O9RAV" failures="0" tests="3" name="Testng_package.Ebay_Testing" time="19.232" errors="0" timestamp="2025-08-13T12:19:10 IST" skipped="0">
  <testcase classname="Testng_package.Ebay_Testing" name="search1" time="4.640"/>
  <testcase classname="Testng_package.Ebay_Testing" name="search" time="8.872"/>
  <testcase classname="Testng_package.Ebay_Testing" name="search11" time="5.720"/>
</testsuite> <!-- Testng_package.Ebay_Testing -->
