<?xml version="1.0" encoding="UTF-8"?>
<!-- Generated by org.testng.reporters.JUnitReportReporter -->
<testsuite hostname="LAPTOP-532O9RAV" failures="0" tests="1" name="Testng_package.ExplicitWait" time="5.548" errors="0" timestamp="2025-08-14T15:36:41 IST" skipped="0">
  <testcase classname="Testng_package.ExplicitWait" name="f" time="5.548"/>
</testsuite> <!-- Testng_package.ExplicitWait -->
