<?xml version="1.0" encoding="UTF-8"?>
<!-- Generated by org.testng.reporters.JUnitReportReporter -->
<testsuite hostname="LAPTOP-532O9RAV" failures="0" tests="1" name="ReadExcel.Selenium_dev" time="0.057" errors="0" timestamp="2025-08-18T12:28:45 IST" skipped="0">
  <testcase classname="ReadExcel.Selenium_dev" name="title" time="0.057"/>
</testsuite> <!-- ReadExcel.Selenium_dev -->
