<?xml version="1.0" encoding="UTF-8"?>
<!-- Generated by org.testng.reporters.JUnitReportReporter -->
<testsuite hostname="LAPTOP-532O9RAV" failures="0" tests="4" name="Testng_package.Parallel_Test" time="27.693" errors="0" timestamp="2025-08-14T12:52:48 IST" skipped="0">
  <testcase classname="Testng_package.Parallel_Test" name="flipkart" time="8.754"/>
  <testcase classname="Testng_package.Parallel_Test" name="zerobank" time="7.757"/>
  <testcase classname="Testng_package.Parallel_Test" name="amazon" time="7.972"/>
  <testcase classname="Testng_package.Parallel_Test" name="eBay" time="3.210"/>
</testsuite> <!-- Testng_package.Parallel_Test -->
