<?xml version="1.0" encoding="UTF-8"?>
<!-- Generated by org.testng.reporters.JUnitReportReporter -->
<testsuite hostname="LAPTOP-532O9RAV" failures="0" tests="2" name="ReadExcel.EbayEnable" time="4.852" errors="0" timestamp="2025-08-18T16:01:13 IST" skipped="1">
  <testcase classname="ReadExcel.EbayEnable" name="activeTest" time="4.852"/>
  <testcase classname="ReadExcel.EbayEnable" name="disabledTest">
    <skipped/>
  </testcase> <!-- disabledTest -->
</testsuite> <!-- ReadExcel.EbayEnable -->
