<?xml version="1.0" encoding="UTF-8"?>
<!-- Generated by org.testng.reporters.JUnitReportReporter -->
<testsuite hostname="LAPTOP-532O9RAV" failures="0" tests="1" name="ReadExcel.Ebaydependent" time="4.487" errors="0" timestamp="2025-08-18T15:58:45 IST" skipped="0">
  <testcase classname="ReadExcel.Ebaydependent" name="login" time="4.487"/>
</testsuite> <!-- ReadExcel.Ebaydependent -->
