<?xml version="1.0" encoding="UTF-8"?>
<!-- Generated by org.testng.reporters.JUnitReportReporter -->
<testsuite hostname="LAPTOP-532O9RAV" failures="0" tests="2" name="POM.Ebay_pom" time="17.029" errors="0" timestamp="2025-08-16T12:18:57 IST" skipped="0">
  <testcase classname="POM.Ebay_pom" name="loginTest" time="10.440"/>
  <testcase classname="POM.Ebay_pom" name="searchTest" time="6.589"/>
</testsuite> <!-- POM.Ebay_pom -->
